#
# A fatal error has been detected by the Java Runtime Environment:
#
#  SIGSEGV (0xb) at pc=0x00007f49c1c885f7, pid=3197, tid=139954490369792
#
# JRE version: OpenJDK Runtime Environment (7.0_79-b14) (build 1.7.0_79-b14)
# Java VM: OpenJDK 64-Bit Server VM (24.79-b02 mixed mode linux-amd64 compressed oops)
# Derivative: IcedTea 2.5.6
# Distribution: Ubuntu 15.04, package 7u79-2.5.6-0ubuntu1.15.04.1
# Problematic frame:
# V  [libjvm.so+0x5fe5f7]  java_lang_String::length(oopDesc*) [clone .part.50]+0x37
#
# Failed to write core dump. Core dumps have been disabled. To enable core dumping, try "ulimit -c unlimited" before starting Java again
#
# If you would like to submit a bug report, please include
# instructions on how to reproduce the bug and visit:
#   http://icedtea.classpath.org/bugzilla
#

---------------  T H R E A D  ---------------

Current thread (0x00007f49bc0b6800):  JavaThread "JDWP Transport Listener: dt_socket" daemon [_thread_in_vm, id=3214, stack(0x00007f49b19ee000,0x00007f49b1aef000)]

siginfo:si_signo=SIGSEGV: si_errno=0, si_code=1 (SEGV_MAPERR), si_addr=0x000000000000000c

Registers:
RAX=0x0000000000000000, RBX=0x0000000000000000, RCX=0x00007f49c2904340, RDX=0x000000000000000c
RSP=0x00007f49b1aeda60, RBP=0x00007f49b1aeda60, RSI=0x00007f497c0057d8, RDI=0x00000007d717e2b8
R8 =0x00007f49b1aedab0, R9 =0x0000000000000000, R10=0x0000000000000000, R11=0x0000000000000206
R12=0x0000000000000001, R13=0x0000000000000000, R14=0x00000007d717e2b8, R15=0x0000000000000000
RIP=0x00007f49c1c885f7, EFLAGS=0x0000000000010246, CSGSFS=0x0000000000000033, ERR=0x0000000000000004
  TRAPNO=0x000000000000000e

Top of Stack: (sp=0x00007f49b1aeda60)
0x00007f49b1aeda60:   00007f49b1aeda90 00007f49c1c89145
0x00007f49b1aeda70:   00007f49bc0b6800 00007f49bc0b6800
0x00007f49b1aeda80:   00007f497c0057d8 00007f497c0057d8
0x00007f49b1aeda90:   00007f49b1aedb10 00007f49c1c9ae5e
0x00007f49b1aedaa0:   00007f49bc0b6800 00007f49bc0b6800
0x00007f49b1aedab0:   00007f49bc0b6800 0000000000000000
0x00007f49b1aedac0:   00007f49b1aedaf0 00007f49bc0b69d8
0x00007f49b1aedad0:   00007f49c0813040 7316d25b72e58200
0x00007f49b1aedae0:   00007f49b1aedb10 00007f49bc0b69d8
0x00007f49b1aedaf0:   00007f49c0813040 00007f497c0057d8
0x00007f49b1aedb00:   00007f49b1aedbc0 00007f49c0813040
0x00007f49b1aedb10:   00007f49b1aedb50 00007f49c05e0402
0x00007f49b1aedb20:   00007f49b1aedbc0 000000000000000a
0x00007f49b1aedb30:   00007f49b1aedb90 0000000000000001
0x00007f49b1aedb40:   00007f49b1aedbc0 00007f49c0813040
0x00007f49b1aedb50:   00007f49b1aedd80 00007f49c05e8b08
0x00007f49b1aedb60:   00007f49bc0b78a0 00007f4900010a00
0x00007f49b1aedb70:   0000009700000013 00007f49b1010a00
0x00007f49b1aedb80:   00007f4980000f80 00007f49c1e4fa56
0x00007f49b1aedb90:   00007f4980000f88 000000000000000b
0x00007f49b1aedba0:   0000009700000013 00007f49b1010a00
0x00007f49b1aedbb0:   00007f4980000f80 00007f497c003510
0x00007f49b1aedbc0:   00007f49b1aedc10 00007f490000012c
0x00007f49b1aedbd0:   00007f49b1aedbd8 00007f4900000000
0x00007f49b1aedbe0:   00007f49b1aedc10 0000000000000000
0x00007f49b1aedbf0:   00007f0000000000 000000970000000f
0x00007f49b1aedc00:   0000000000000080 00007f49b1aedc10
0x00007f49b1aedc10:   0000000000000000 0000000018000000
0x00007f49b1aedc20:   0000000019000000 000000001a000000
0x00007f49b1aedc30:   0000000000120000 6804000000420000
0x00007f49b1aedc40:   4901000000687361 0200000000000000
0x00007f49b1aedc50:   904d007c497f0000 6972657310000000 

Instructions: (pc=0x00007f49c1c885f7)
0x00007f49c1c885d7:   8b 14 07 31 c0 85 d2 74 12 89 d0 48 8d 15 e7 80
0x00007f49c1c885e7:   80 00 8b 4a 08 48 d3 e0 48 03 02 ba 0c 00 00 00
0x00007f49c1c885f7:   8b 04 10 5d c3 0f 1f 40 00 48 8b 04 07 ba 10 00
0x00007f49c1c88607:   00 00 5d 8b 04 10 c3 66 90 55 48 89 e5 53 48 89 

Register to memory mapping:

RAX=0x0000000000000000 is an unknown value
RBX=0x0000000000000000 is an unknown value
RCX=0x00007f49c2904340: <offset 0x219340> in /lib/x86_64-linux-gnu/libpthread.so.0 at 0x00007f49c26eb000
RDX=0x000000000000000c is an unknown value
RSP=0x00007f49b1aeda60 is pointing into the stack for thread: 0x00007f49bc0b6800
RBP=0x00007f49b1aeda60 is pointing into the stack for thread: 0x00007f49bc0b6800
RSI=0x00007f497c0057d8 is a global jni handle
RDI=0x00000007d717e2b8 is an oop
java.lang.String 
 - klass: 'java/lang/String'
R8 =0x00007f49b1aedab0 is pointing into the stack for thread: 0x00007f49bc0b6800
R9 =0x0000000000000000 is an unknown value
R10=0x0000000000000000 is an unknown value
R11=0x0000000000000206 is an unknown value
R12=0x0000000000000001 is an unknown value
R13=0x0000000000000000 is an unknown value
R14=0x00000007d717e2b8 is an oop
java.lang.String 
 - klass: 'java/lang/String'
R15=0x0000000000000000 is an unknown value


Stack: [0x00007f49b19ee000,0x00007f49b1aef000],  sp=0x00007f49b1aeda60,  free space=1022k
Native frames: (J=compiled Java code, j=interpreted, Vv=VM code, C=native code)
V  [libjvm.so+0x5fe5f7]  java_lang_String::length(oopDesc*) [clone .part.50]+0x37
V  [libjvm.so+0x5ff145]  java_lang_String::utf8_length(oopDesc*)+0x95
V  [libjvm.so+0x610e5e]  jni_GetStringUTFChars+0x5e
C  [libjdwp.so+0x9402]
C  [libjdwp.so+0x11b08]
C  [libjdwp.so+0x23f65]
V  [libjvm.so+0x6ca271]  JvmtiAgentThread::start_function_wrapper(JavaThread*, Thread*)+0xa1
V  [libjvm.so+0x937d38]  JavaThread::thread_main_inner()+0x118
V  [libjvm.so+0x937fc1]  JavaThread::run()+0x231
V  [libjvm.so+0x7fa492]  java_start(Thread*)+0xf2


---------------  P R O C E S S  ---------------

Java Threads: ( => current thread )
  0x00007f49bc0c2000 JavaThread "Service Thread" daemon [_thread_blocked, id=3222, stack(0x00007f49b14e9000,0x00007f49b15ea000)]
  0x00007f49bc0bf800 JavaThread "C2 CompilerThread1" daemon [_thread_blocked, id=3221, stack(0x00007f49b15ea000,0x00007f49b16eb000)]
  0x00007f49bc0bc800 JavaThread "C2 CompilerThread0" daemon [_thread_blocked, id=3220, stack(0x00007f49b16eb000,0x00007f49b17ec000)]
  0x00007f497c001000 JavaThread "JDWP Command Reader" daemon [_thread_in_native, id=3216, stack(0x00007f49b17ec000,0x00007f49b18ed000)]
  0x00007f49bc0ba000 JavaThread "JDWP Event Helper Thread" daemon [_thread_blocked, id=3215, stack(0x00007f49b18ed000,0x00007f49b19ee000)]
=>0x00007f49bc0b6800 JavaThread "JDWP Transport Listener: dt_socket" daemon [_thread_in_vm, id=3214, stack(0x00007f49b19ee000,0x00007f49b1aef000)]
  0x00007f49bc0a9800 JavaThread "Signal Dispatcher" daemon [_thread_blocked, id=3212, stack(0x00007f49b1cf4000,0x00007f49b1df5000)]
  0x00007f49bc07f800 JavaThread "Finalizer" daemon [_thread_blocked, id=3211, stack(0x00007f49b1df5000,0x00007f49b1ef6000)]
  0x00007f49bc07d800 JavaThread "Reference Handler" daemon [_thread_blocked, id=3210, stack(0x00007f49b1ef6000,0x00007f49b1ff7000)]
  0x00007f49bc00d000 JavaThread "main" [_thread_blocked, id=3202, stack(0x00007f49c31df000,0x00007f49c32e0000)]

Other Threads:
  0x00007f49bc079000 VMThread [stack: 0x00007f49b1ff7000,0x00007f49b20f8000] [id=3209]
  0x00007f49bc0cd000 WatcherThread [stack: 0x00007f49b13e8000,0x00007f49b14e9000] [id=3223]

VM state:not at safepoint (normal execution)

VM Mutex/Monitor currently owned by a thread: None

Heap
 PSYoungGen      total 36864K, used 1904K [0x00000007d7100000, 0x00000007d9a00000, 0x0000000800000000)
  eden space 31744K, 6% used [0x00000007d7100000,0x00000007d72dc390,0x00000007d9000000)
  from space 5120K, 0% used [0x00000007d9500000,0x00000007d9500000,0x00000007d9a00000)
  to   space 5120K, 0% used [0x00000007d9000000,0x00000007d9000000,0x00000007d9500000)
 ParOldGen       total 83456K, used 0K [0x0000000785400000, 0x000000078a580000, 0x00000007d7100000)
  object space 83456K, 0% used [0x0000000785400000,0x0000000785400000,0x000000078a580000)
 PSPermGen       total 21504K, used 3468K [0x000000077ae00000, 0x000000077c300000, 0x0000000785400000)
  object space 21504K, 16% used [0x000000077ae00000,0x000000077b163000,0x000000077c300000)

Card table byte_map: [0x00007f49b7fa1000,0x00007f49b83cb000] byte_map_base: 0x00007f49b43ca000

Polling page: 0x00007f49c3305000

Code Cache  [0x00007f49b83cb000, 0x00007f49b863b000, 0x00007f49bb3cb000)
 total_blobs=167 nmethods=0 adapters=144 free_code_cache=48771Kb largest_free_block=49941952

Compilation events (0 events):
No events

GC Heap History (0 events):
No events

Deoptimization events (0 events):
No events

Internal exceptions (10 events):
Event: 0,363 Thread 0x00007f49bc00d000 Threw 0x00000007d71455a0 at /build/openjdk-7-yI9zWD/openjdk-7-7u79-2.5.6/build/openjdk/hotspot/src/share/vm/prims/jni.cpp:721
Event: 0,363 Thread 0x00007f49bc00d000 Threw 0x00000007d7145720 at /build/openjdk-7-yI9zWD/openjdk-7-7u79-2.5.6/build/openjdk/hotspot/src/share/vm/prims/jvm.cpp:1284
Event: 0,363 Thread 0x00007f49bc00d000 Threw 0x00000007d7145848 at /build/openjdk-7-yI9zWD/openjdk-7-7u79-2.5.6/build/openjdk/hotspot/src/share/vm/prims/jvm.cpp:1284
Event: 0,365 Thread 0x00007f49bc00d000 Threw 0x00000007d714ac98 at /build/openjdk-7-yI9zWD/openjdk-7-7u79-2.5.6/build/openjdk/hotspot/src/share/vm/prims/jvm.cpp:1284
Event: 0,389 Thread 0x00007f49bc00d000 Threw 0x00000007d716b958 at /build/openjdk-7-yI9zWD/openjdk-7-7u79-2.5.6/build/openjdk/hotspot/src/share/vm/prims/jvm.cpp:1284
Event: 0,389 Thread 0x00007f49bc00d000 Threw 0x00000007d716ba80 at /build/openjdk-7-yI9zWD/openjdk-7-7u79-2.5.6/build/openjdk/hotspot/src/share/vm/prims/jvm.cpp:1284
Event: 0,389 Thread 0x00007f49bc00d000 Threw 0x00000007d716e030 at /build/openjdk-7-yI9zWD/openjdk-7-7u79-2.5.6/build/openjdk/hotspot/src/share/vm/prims/jvm.cpp:1284
Event: 0,389 Thread 0x00007f49bc00d000 Threw 0x00000007d716e158 at /build/openjdk-7-yI9zWD/openjdk-7-7u79-2.5.6/build/openjdk/hotspot/src/share/vm/prims/jvm.cpp:1284
Event: 0,389 Thread 0x00007f49bc00d000 Threw 0x00000007d716ea58 at /build/openjdk-7-yI9zWD/openjdk-7-7u79-2.5.6/build/openjdk/hotspot/src/share/vm/prims/jvm.cpp:1284
Event: 0,389 Thread 0x00007f49bc00d000 Threw 0x00000007d716eb80 at /build/openjdk-7-yI9zWD/openjdk-7-7u79-2.5.6/build/openjdk/hotspot/src/share/vm/prims/jvm.cpp:1284

Events (10 events):
Event: 7,874 Executing VM operation: EnterInterpOnlyMode
Event: 7,874 Executing VM operation: EnterInterpOnlyMode done
Event: 7,874 Executing VM operation: GetCurrentLocation
Event: 7,874 Executing VM operation: GetCurrentLocation done
Event: 7,874 Executing VM operation: ChangeSingleStep
Event: 7,874 Executing VM operation: ChangeSingleStep done
Event: 7,875 Executing VM operation: ChangeSingleStep
Event: 7,875 Executing VM operation: ChangeSingleStep done
Event: 7,922 Executing VM operation: GetOrSetLocal
Event: 7,922 Executing VM operation: GetOrSetLocal done


Dynamic libraries:
00400000-00401000 r-xp 00000000 08:06 3411512                            /usr/lib/jvm/java-7-openjdk-amd64/jre/bin/java
00600000-00601000 r--p 00000000 08:06 3411512                            /usr/lib/jvm/java-7-openjdk-amd64/jre/bin/java
00601000-00602000 rw-p 00001000 08:06 3411512                            /usr/lib/jvm/java-7-openjdk-amd64/jre/bin/java
00607000-00628000 rw-p 00000000 00:00 0                                  [heap]
77ae00000-77c300000 rw-p 00000000 00:00 0 
77c300000-785400000 rw-p 00000000 00:00 0 
785400000-78a580000 rw-p 00000000 00:00 0 
78a580000-7d7100000 rw-p 00000000 00:00 0 
7d7100000-7d9a00000 rw-p 00000000 00:00 0 
7d9a00000-800000000 rw-p 00000000 00:00 0 
7f496c000000-7f496c021000 rw-p 00000000 00:00 0 
7f496c021000-7f4970000000 ---p 00000000 00:00 0 
7f4970000000-7f4970021000 rw-p 00000000 00:00 0 
7f4970021000-7f4974000000 ---p 00000000 00:00 0 
7f4974000000-7f4974021000 rw-p 00000000 00:00 0 
7f4974021000-7f4978000000 ---p 00000000 00:00 0 
7f4978000000-7f4978021000 rw-p 00000000 00:00 0 
7f4978021000-7f497c000000 ---p 00000000 00:00 0 
7f497c000000-7f497c021000 rw-p 00000000 00:00 0 
7f497c021000-7f4980000000 ---p 00000000 00:00 0 
7f4980000000-7f4980021000 rw-p 00000000 00:00 0 
7f4980021000-7f4984000000 ---p 00000000 00:00 0 
7f4984000000-7f4984021000 rw-p 00000000 00:00 0 
7f4984021000-7f4988000000 ---p 00000000 00:00 0 
7f4988000000-7f4988021000 rw-p 00000000 00:00 0 
7f4988021000-7f498c000000 ---p 00000000 00:00 0 
7f498c000000-7f498c021000 rw-p 00000000 00:00 0 
7f498c021000-7f4990000000 ---p 00000000 00:00 0 
7f4990000000-7f4990021000 rw-p 00000000 00:00 0 
7f4990021000-7f4994000000 ---p 00000000 00:00 0 
7f4994000000-7f4994021000 rw-p 00000000 00:00 0 
7f4994021000-7f4998000000 ---p 00000000 00:00 0 
7f4998000000-7f4998021000 rw-p 00000000 00:00 0 
7f4998021000-7f499c000000 ---p 00000000 00:00 0 
7f499c000000-7f499c021000 rw-p 00000000 00:00 0 
7f499c021000-7f49a0000000 ---p 00000000 00:00 0 
7f49a4000000-7f49a4021000 rw-p 00000000 00:00 0 
7f49a4021000-7f49a8000000 ---p 00000000 00:00 0 
7f49ac000000-7f49ac021000 rw-p 00000000 00:00 0 
7f49ac021000-7f49b0000000 ---p 00000000 00:00 0 
7f49b11af000-7f49b13e8000 rw-p 00000000 00:00 0 
7f49b13e8000-7f49b13e9000 ---p 00000000 00:00 0 
7f49b13e9000-7f49b14e9000 rw-p 00000000 00:00 0                          [stack:3223]
7f49b14e9000-7f49b14ec000 ---p 00000000 00:00 0 
7f49b14ec000-7f49b15ea000 rw-p 00000000 00:00 0                          [stack:3222]
7f49b15ea000-7f49b15ed000 ---p 00000000 00:00 0 
7f49b15ed000-7f49b16eb000 rw-p 00000000 00:00 0                          [stack:3221]
7f49b16eb000-7f49b16ee000 ---p 00000000 00:00 0 
7f49b16ee000-7f49b17ec000 rw-p 00000000 00:00 0                          [stack:3220]
7f49b17ec000-7f49b17ef000 ---p 00000000 00:00 0 
7f49b17ef000-7f49b18ed000 rw-p 00000000 00:00 0                          [stack:3216]
7f49b18ed000-7f49b18f0000 ---p 00000000 00:00 0 
7f49b18f0000-7f49b19ee000 rw-p 00000000 00:00 0                          [stack:3215]
7f49b19ee000-7f49b19f1000 ---p 00000000 00:00 0 
7f49b19f1000-7f49b1aef000 rw-p 00000000 00:00 0                          [stack:3214]
7f49b1aef000-7f49b1af3000 r-xp 00000000 08:06 3279669                    /usr/lib/jvm/java-7-openjdk-amd64/jre/lib/amd64/libdt_socket.so
7f49b1af3000-7f49b1cf2000 ---p 00004000 08:06 3279669                    /usr/lib/jvm/java-7-openjdk-amd64/jre/lib/amd64/libdt_socket.so
7f49b1cf2000-7f49b1cf3000 r--p 00003000 08:06 3279669                    /usr/lib/jvm/java-7-openjdk-amd64/jre/lib/amd64/libdt_socket.so
7f49b1cf3000-7f49b1cf4000 rw-p 00004000 08:06 3279669                    /usr/lib/jvm/java-7-openjdk-amd64/jre/lib/amd64/libdt_socket.so
7f49b1cf4000-7f49b1cf7000 ---p 00000000 00:00 0 
7f49b1cf7000-7f49b1df5000 rw-p 00000000 00:00 0                          [stack:3212]
7f49b1df5000-7f49b1df8000 ---p 00000000 00:00 0 
7f49b1df8000-7f49b1ef6000 rw-p 00000000 00:00 0                          [stack:3211]
7f49b1ef6000-7f49b1ef9000 ---p 00000000 00:00 0 
7f49b1ef9000-7f49b1ff7000 rw-p 00000000 00:00 0                          [stack:3210]
7f49b1ff7000-7f49b1ff8000 ---p 00000000 00:00 0 
7f49b1ff8000-7f49b30d4000 rw-p 00000000 00:00 0                          [stack:3209]
7f49b30d4000-7f49b3285000 r--s 01d29000 08:06 2753876                    /usr/lib/jvm/java-7-openjdk-amd64/jre/lib/rt.jar
7f49b3285000-7f49b7a0f000 rw-p 00000000 00:00 0 
7f49b7a0f000-7f49b7a10000 ---p 00000000 00:00 0 
7f49b7a10000-7f49b7b10000 rw-p 00000000 00:00 0                          [stack:3208]
7f49b7b10000-7f49b7b11000 ---p 00000000 00:00 0 
7f49b7b11000-7f49b7c11000 rw-p 00000000 00:00 0                          [stack:3207]
7f49b7c11000-7f49b7c12000 ---p 00000000 00:00 0 
7f49b7c12000-7f49b7d3b000 rw-p 00000000 00:00 0                          [stack:3206]
7f49b7d3b000-7f49b7fa1000 rw-p 00000000 00:00 0 
7f49b7fa1000-7f49b7fac000 rw-p 00000000 00:00 0 
7f49b7fac000-7f49b7ff4000 rw-p 00000000 00:00 0 
7f49b7ff4000-7f49b801d000 rw-p 00000000 00:00 0 
7f49b801d000-7f49b8282000 rw-p 00000000 00:00 0 
7f49b8282000-7f49b8297000 rw-p 00000000 00:00 0 
7f49b8297000-7f49b83ca000 rw-p 00000000 00:00 0 
7f49b83ca000-7f49b83cb000 rw-p 00000000 00:00 0 
7f49b83cb000-7f49b863b000 rwxp 00000000 00:00 0 
7f49b863b000-7f49bb3cb000 rw-p 00000000 00:00 0 
7f49bb3cb000-7f49bb3d3000 r-xp 00000000 08:06 3279643                    /usr/lib/jvm/java-7-openjdk-amd64/jre/lib/amd64/libzip.so
7f49bb3d3000-7f49bb5d2000 ---p 00008000 08:06 3279643                    /usr/lib/jvm/java-7-openjdk-amd64/jre/lib/amd64/libzip.so
7f49bb5d2000-7f49bb5d3000 r--p 00007000 08:06 3279643                    /usr/lib/jvm/java-7-openjdk-amd64/jre/lib/amd64/libzip.so
7f49bb5d3000-7f49bb5d4000 rw-p 00008000 08:06 3279643                    /usr/lib/jvm/java-7-openjdk-amd64/jre/lib/amd64/libzip.so
7f49bb5d4000-7f49bb5e0000 r-xp 00000000 08:06 155186                     /lib/x86_64-linux-gnu/libnss_files-2.21.so
7f49bb5e0000-7f49bb7df000 ---p 0000c000 08:06 155186                     /lib/x86_64-linux-gnu/libnss_files-2.21.so
7f49bb7df000-7f49bb7e0000 r--p 0000b000 08:06 155186                     /lib/x86_64-linux-gnu/libnss_files-2.21.so
7f49bb7e0000-7f49bb7e1000 rw-p 0000c000 08:06 155186                     /lib/x86_64-linux-gnu/libnss_files-2.21.so
7f49bb7e1000-7f49bb7ec000 r-xp 00000000 08:06 131334                     /lib/x86_64-linux-gnu/libnss_nis-2.21.so
7f49bb7ec000-7f49bb9eb000 ---p 0000b000 08:06 131334                     /lib/x86_64-linux-gnu/libnss_nis-2.21.so
7f49bb9eb000-7f49bb9ec000 r--p 0000a000 08:06 131334                     /lib/x86_64-linux-gnu/libnss_nis-2.21.so
7f49bb9ec000-7f49bb9ed000 rw-p 0000b000 08:06 131334                     /lib/x86_64-linux-gnu/libnss_nis-2.21.so
7f49bb9ed000-7f49bba04000 r-xp 00000000 08:06 155192                     /lib/x86_64-linux-gnu/libnsl-2.21.so
7f49bba04000-7f49bbc03000 ---p 00017000 08:06 155192                     /lib/x86_64-linux-gnu/libnsl-2.21.so
7f49bbc03000-7f49bbc04000 r--p 00016000 08:06 155192                     /lib/x86_64-linux-gnu/libnsl-2.21.so
7f49bbc04000-7f49bbc05000 rw-p 00017000 08:06 155192                     /lib/x86_64-linux-gnu/libnsl-2.21.so
7f49bbc05000-7f49bbc07000 rw-p 00000000 00:00 0 
7f49bbc07000-7f49bc000000 r--p 00000000 08:06 2490593                    /usr/lib/locale/locale-archive
7f49bc000000-7f49bc14c000 rw-p 00000000 00:00 0 
7f49bc14c000-7f49c0000000 ---p 00000000 00:00 0 
7f49c0003000-7f49c0076000 rw-p 00000000 00:00 0 
7f49c0076000-7f49c0077000 ---p 00000000 00:00 0 
7f49c0077000-7f49c0182000 rw-p 00000000 00:00 0                          [stack:3205]
7f49c0182000-7f49c01ca000 rw-p 00000000 00:00 0 
7f49c01ca000-7f49c01d2000 r-xp 00000000 08:06 155188                     /lib/x86_64-linux-gnu/libnss_compat-2.21.so
7f49c01d2000-7f49c03d1000 ---p 00008000 08:06 155188                     /lib/x86_64-linux-gnu/libnss_compat-2.21.so
7f49c03d1000-7f49c03d2000 r--p 00007000 08:06 155188                     /lib/x86_64-linux-gnu/libnss_compat-2.21.so
7f49c03d2000-7f49c03d3000 rw-p 00008000 08:06 155188                     /lib/x86_64-linux-gnu/libnss_compat-2.21.so
7f49c03d3000-7f49c03d6000 r-xp 00000000 08:06 3279659                    /usr/lib/jvm/java-7-openjdk-amd64/jre/lib/amd64/libnpt.so
7f49c03d6000-7f49c05d5000 ---p 00003000 08:06 3279659                    /usr/lib/jvm/java-7-openjdk-amd64/jre/lib/amd64/libnpt.so
7f49c05d5000-7f49c05d6000 r--p 00002000 08:06 3279659                    /usr/lib/jvm/java-7-openjdk-amd64/jre/lib/amd64/libnpt.so
7f49c05d6000-7f49c05d7000 rw-p 00003000 08:06 3279659                    /usr/lib/jvm/java-7-openjdk-amd64/jre/lib/amd64/libnpt.so
7f49c05d7000-7f49c0612000 r-xp 00000000 08:06 3279656                    /usr/lib/jvm/java-7-openjdk-amd64/jre/lib/amd64/libjdwp.so
7f49c0612000-7f49c0811000 ---p 0003b000 08:06 3279656                    /usr/lib/jvm/java-7-openjdk-amd64/jre/lib/amd64/libjdwp.so
7f49c0811000-7f49c0812000 r--p 0003a000 08:06 3279656                    /usr/lib/jvm/java-7-openjdk-amd64/jre/lib/amd64/libjdwp.so
7f49c0812000-7f49c0813000 rw-p 0003b000 08:06 3279656                    /usr/lib/jvm/java-7-openjdk-amd64/jre/lib/amd64/libjdwp.so
7f49c0813000-7f49c0814000 rw-p 00000000 00:00 0 
7f49c0814000-7f49c0841000 r-xp 00000000 08:06 3279674                    /usr/lib/jvm/java-7-openjdk-amd64/jre/lib/amd64/libjava.so
7f49c0841000-7f49c0a40000 ---p 0002d000 08:06 3279674                    /usr/lib/jvm/java-7-openjdk-amd64/jre/lib/amd64/libjava.so
7f49c0a40000-7f49c0a41000 r--p 0002c000 08:06 3279674                    /usr/lib/jvm/java-7-openjdk-amd64/jre/lib/amd64/libjava.so
7f49c0a41000-7f49c0a43000 rw-p 0002d000 08:06 3279674                    /usr/lib/jvm/java-7-openjdk-amd64/jre/lib/amd64/libjava.so
7f49c0a43000-7f49c0a52000 r-xp 00000000 08:06 3279657                    /usr/lib/jvm/java-7-openjdk-amd64/jre/lib/amd64/libverify.so
7f49c0a52000-7f49c0c51000 ---p 0000f000 08:06 3279657                    /usr/lib/jvm/java-7-openjdk-amd64/jre/lib/amd64/libverify.so
7f49c0c51000-7f49c0c54000 r--p 0000e000 08:06 3279657                    /usr/lib/jvm/java-7-openjdk-amd64/jre/lib/amd64/libverify.so
7f49c0c54000-7f49c0c55000 rw-p 00011000 08:06 3279657                    /usr/lib/jvm/java-7-openjdk-amd64/jre/lib/amd64/libverify.so
7f49c0c55000-7f49c0c5c000 r-xp 00000000 08:06 155193                     /lib/x86_64-linux-gnu/librt-2.21.so
7f49c0c5c000-7f49c0e5b000 ---p 00007000 08:06 155193                     /lib/x86_64-linux-gnu/librt-2.21.so
7f49c0e5b000-7f49c0e5c000 r--p 00006000 08:06 155193                     /lib/x86_64-linux-gnu/librt-2.21.so
7f49c0e5c000-7f49c0e5d000 rw-p 00007000 08:06 155193                     /lib/x86_64-linux-gnu/librt-2.21.so
7f49c0e5d000-7f49c0e73000 r-xp 00000000 08:06 131160                     /lib/x86_64-linux-gnu/libgcc_s.so.1
7f49c0e73000-7f49c1072000 ---p 00016000 08:06 131160                     /lib/x86_64-linux-gnu/libgcc_s.so.1
7f49c1072000-7f49c1073000 rw-p 00015000 08:06 131160                     /lib/x86_64-linux-gnu/libgcc_s.so.1
7f49c1073000-7f49c117a000 r-xp 00000000 08:06 155191                     /lib/x86_64-linux-gnu/libm-2.21.so
7f49c117a000-7f49c1379000 ---p 00107000 08:06 155191                     /lib/x86_64-linux-gnu/libm-2.21.so
7f49c1379000-7f49c137a000 r--p 00106000 08:06 155191                     /lib/x86_64-linux-gnu/libm-2.21.so
7f49c137a000-7f49c137b000 rw-p 00107000 08:06 155191                     /lib/x86_64-linux-gnu/libm-2.21.so
7f49c137b000-7f49c146b000 r-xp 00000000 08:06 2490786                    /usr/lib/x86_64-linux-gnu/libstdc++.so.6.0.20
7f49c146b000-7f49c166b000 ---p 000f0000 08:06 2490786                    /usr/lib/x86_64-linux-gnu/libstdc++.so.6.0.20
7f49c166b000-7f49c1673000 r--p 000f0000 08:06 2490786                    /usr/lib/x86_64-linux-gnu/libstdc++.so.6.0.20
7f49c1673000-7f49c1675000 rw-p 000f8000 08:06 2490786                    /usr/lib/x86_64-linux-gnu/libstdc++.so.6.0.20
7f49c1675000-7f49c168a000 rw-p 00000000 00:00 0 
7f49c168a000-7f49c21e2000 r-xp 00000000 08:06 3408344                    /usr/lib/jvm/java-7-openjdk-amd64/jre/lib/amd64/server/libjvm.so
7f49c21e2000-7f49c23e1000 ---p 00b58000 08:06 3408344                    /usr/lib/jvm/java-7-openjdk-amd64/jre/lib/amd64/server/libjvm.so
7f49c23e1000-7f49c2480000 r--p 00b57000 08:06 3408344                    /usr/lib/jvm/java-7-openjdk-amd64/jre/lib/amd64/server/libjvm.so
7f49c2480000-7f49c24a3000 rw-p 00bf6000 08:06 3408344                    /usr/lib/jvm/java-7-openjdk-amd64/jre/lib/amd64/server/libjvm.so
7f49c24a3000-7f49c24d0000 rw-p 00000000 00:00 0 
7f49c24d0000-7f49c24e9000 r-xp 00000000 08:06 135167                     /lib/x86_64-linux-gnu/libz.so.1.2.8
7f49c24e9000-7f49c26e9000 ---p 00019000 08:06 135167                     /lib/x86_64-linux-gnu/libz.so.1.2.8
7f49c26e9000-7f49c26ea000 r--p 00019000 08:06 135167                     /lib/x86_64-linux-gnu/libz.so.1.2.8
7f49c26ea000-7f49c26eb000 rw-p 0001a000 08:06 135167                     /lib/x86_64-linux-gnu/libz.so.1.2.8
7f49c26eb000-7f49c2703000 r-xp 00000000 08:06 155183                     /lib/x86_64-linux-gnu/libpthread-2.21.so
7f49c2703000-7f49c2903000 ---p 00018000 08:06 155183                     /lib/x86_64-linux-gnu/libpthread-2.21.so
7f49c2903000-7f49c2904000 r--p 00018000 08:06 155183                     /lib/x86_64-linux-gnu/libpthread-2.21.so
7f49c2904000-7f49c2905000 rw-p 00019000 08:06 155183                     /lib/x86_64-linux-gnu/libpthread-2.21.so
7f49c2905000-7f49c2909000 rw-p 00000000 00:00 0 
7f49c2909000-7f49c290c000 r-xp 00000000 08:06 155179                     /lib/x86_64-linux-gnu/libdl-2.21.so
7f49c290c000-7f49c2b0b000 ---p 00003000 08:06 155179                     /lib/x86_64-linux-gnu/libdl-2.21.so
7f49c2b0b000-7f49c2b0c000 r--p 00002000 08:06 155179                     /lib/x86_64-linux-gnu/libdl-2.21.so
7f49c2b0c000-7f49c2b0d000 rw-p 00003000 08:06 155179                     /lib/x86_64-linux-gnu/libdl-2.21.so
7f49c2b0d000-7f49c2ccd000 r-xp 00000000 08:06 155196                     /lib/x86_64-linux-gnu/libc-2.21.so
7f49c2ccd000-7f49c2ecd000 ---p 001c0000 08:06 155196                     /lib/x86_64-linux-gnu/libc-2.21.so
7f49c2ecd000-7f49c2ed1000 r--p 001c0000 08:06 155196                     /lib/x86_64-linux-gnu/libc-2.21.so
7f49c2ed1000-7f49c2ed3000 rw-p 001c4000 08:06 155196                     /lib/x86_64-linux-gnu/libc-2.21.so
7f49c2ed3000-7f49c2ed7000 rw-p 00000000 00:00 0 
7f49c2ed7000-7f49c2ee4000 r-xp 00000000 08:06 3279645                    /usr/lib/jvm/java-7-openjdk-amd64/jre/lib/amd64/jli/libjli.so
7f49c2ee4000-7f49c30e3000 ---p 0000d000 08:06 3279645                    /usr/lib/jvm/java-7-openjdk-amd64/jre/lib/amd64/jli/libjli.so
7f49c30e3000-7f49c30e4000 r--p 0000c000 08:06 3279645                    /usr/lib/jvm/java-7-openjdk-amd64/jre/lib/amd64/jli/libjli.so
7f49c30e4000-7f49c30e5000 rw-p 0000d000 08:06 3279645                    /usr/lib/jvm/java-7-openjdk-amd64/jre/lib/amd64/jli/libjli.so
7f49c30e5000-7f49c3109000 r-xp 00000000 08:06 155182                     /lib/x86_64-linux-gnu/ld-2.21.so
7f49c311f000-7f49c3129000 rw-p 00000000 00:00 0 
7f49c3129000-7f49c31df000 rw-p 00000000 00:00 0 
7f49c31df000-7f49c31e2000 ---p 00000000 00:00 0 
7f49c31e2000-7f49c32e5000 rw-p 00000000 00:00 0                          [stack:3202]
7f49c32e6000-7f49c32e8000 rw-p 00000000 00:00 0 
7f49c32e8000-7f49c32ec000 r--s 00034000 08:06 2759100                    /usr/lib/jvm/java-7-openjdk-amd64/jre/lib/ext/sunjce_provider.jar
7f49c32ec000-7f49c32ee000 r--s 00012000 08:06 2759103                    /usr/lib/jvm/java-7-openjdk-amd64/jre/lib/ext/zipfs.jar
7f49c32ee000-7f49c32f1000 r--s 0000f000 08:06 2759102                    /usr/lib/jvm/java-7-openjdk-amd64/jre/lib/ext/icedtea-sound.jar
7f49c32f1000-7f49c32f2000 r--s 00002000 08:06 2759098                    /usr/lib/jvm/java-7-openjdk-amd64/jre/lib/ext/dnsns.jar
7f49c32f2000-7f49c32f6000 r--s 00085000 08:06 2759094                    /usr/lib/jvm/java-7-openjdk-amd64/jre/lib/ext/localedata.jar
7f49c32f6000-7f49c32f8000 r--s 00006000 08:06 2902092                    /usr/share/java/java-atk-wrapper.jar
7f49c32f8000-7f49c32fc000 r--s 0003c000 08:06 2759101                    /usr/lib/jvm/java-7-openjdk-amd64/jre/lib/ext/sunpkcs11.jar
7f49c32fc000-7f49c3304000 rw-s 00000000 08:06 393304                     /tmp/hsperfdata_desi/3197
7f49c3304000-7f49c3305000 rw-p 00000000 00:00 0 
7f49c3305000-7f49c3306000 r--p 00000000 00:00 0 
7f49c3306000-7f49c3308000 rw-p 00000000 00:00 0 
7f49c3308000-7f49c3309000 r--p 00023000 08:06 155182                     /lib/x86_64-linux-gnu/ld-2.21.so
7f49c3309000-7f49c330a000 rw-p 00024000 08:06 155182                     /lib/x86_64-linux-gnu/ld-2.21.so
7f49c330a000-7f49c330b000 rw-p 00000000 00:00 0 
7ffcc79f6000-7ffcc7a17000 rw-p 00000000 00:00 0                          [stack]
7ffcc7bb2000-7ffcc7bb4000 r--p 00000000 00:00 0                          [vvar]
7ffcc7bb4000-7ffcc7bb6000 r-xp 00000000 00:00 0                          [vdso]
ffffffffff600000-ffffffffff601000 r-xp 00000000 00:00 0                  [vsyscall]

VM Arguments:
jvm_args: -agentlib:jdwp=transport=dt_socket,suspend=y,address=localhost:41478 -Dfile.encoding=UTF-8 
java_command: HelloWorld
Launcher Type: SUN_STANDARD

Environment Variables:
PATH=/usr/local/sbin:/usr/local/bin:/usr/sbin:/usr/bin:/sbin:/bin:/usr/games:/usr/local/games
SHELL=/bin/bash
DISPLAY=:0

Signal Handlers:
SIGSEGV: [libjvm.so+0x98ac50], sa_mask[0]=0x7ffbfeff, sa_flags=0x10000004
SIGBUS: [libjvm.so+0x98ac50], sa_mask[0]=0x7ffbfeff, sa_flags=0x10000004
SIGFPE: [libjvm.so+0x7f8ab0], sa_mask[0]=0x7ffbfeff, sa_flags=0x10000004
SIGPIPE: [libjvm.so+0x7f8ab0], sa_mask[0]=0x7ffbfeff, sa_flags=0x10000004
SIGXFSZ: [libjvm.so+0x7f8ab0], sa_mask[0]=0x7ffbfeff, sa_flags=0x10000004
SIGILL: [libjvm.so+0x7f8ab0], sa_mask[0]=0x7ffbfeff, sa_flags=0x10000004
SIGUSR1: SIG_DFL, sa_mask[0]=0x00000000, sa_flags=0x00000000
SIGUSR2: [libjvm.so+0x7f8930], sa_mask[0]=0x00000004, sa_flags=0x10000004
SIGHUP: [libjvm.so+0x7f8b30], sa_mask[0]=0x7ffbfeff, sa_flags=0x10000004
SIGINT: [libjvm.so+0x7f8b30], sa_mask[0]=0x7ffbfeff, sa_flags=0x10000004
SIGTERM: [libjvm.so+0x7f8b30], sa_mask[0]=0x7ffbfeff, sa_flags=0x10000004
SIGQUIT: [libjvm.so+0x7f8b30], sa_mask[0]=0x7ffbfeff, sa_flags=0x10000004
SIGTRAP: SIG_DFL, sa_mask[0]=0x00000000, sa_flags=0x00000000


---------------  S Y S T E M  ---------------

OS:Ubuntu 15.04 (vivid)
uname:Linux 3.19.0-30-generic #34-Ubuntu SMP Fri Oct 2 22:08:41 UTC 2015 x86_64
libc:glibc 2.21 NPTL 2.21 
rlimit: STACK 8192k, CORE 0k, NPROC 31324, NOFILE 65536, AS infinity
load average:0,09 0,25 0,33

/proc/meminfo:
MemTotal:        8041448 kB
MemFree:         5235704 kB
MemAvailable:    6058492 kB
Buffers:          133488 kB
Cached:          1032656 kB
SwapCached:            0 kB
Active:          1887244 kB
Inactive:         676524 kB
Active(anon):    1399896 kB
Inactive(anon):   221724 kB
Active(file):     487348 kB
Inactive(file):   454800 kB
Unevictable:          32 kB
Mlocked:              32 kB
SwapTotal:             0 kB
SwapFree:              0 kB
Dirty:               364 kB
Writeback:             0 kB
AnonPages:       1397696 kB
Mapped:           329872 kB
Shmem:            223932 kB
Slab:             134896 kB
SReclaimable:      99152 kB
SUnreclaim:        35744 kB
KernelStack:        8400 kB
PageTables:        31128 kB
NFS_Unstable:          0 kB
Bounce:                0 kB
WritebackTmp:          0 kB
CommitLimit:     4020724 kB
Committed_AS:    4732356 kB
VmallocTotal:   34359738367 kB
VmallocUsed:      370244 kB
VmallocChunk:   34359281344 kB
HardwareCorrupted:     0 kB
AnonHugePages:    815104 kB
CmaTotal:              0 kB
CmaFree:               0 kB
HugePages_Total:       0
HugePages_Free:        0
HugePages_Rsvd:        0
HugePages_Surp:        0
Hugepagesize:       2048 kB
DirectMap4k:      144632 kB
DirectMap2M:     8110080 kB


CPU:total 4 (2 cores per cpu, 2 threads per core) family 6 model 58 stepping 9, cmov, cx8, fxsr, mmx, sse, sse2, sse3, ssse3, sse4.1, sse4.2, popcnt, avx, aes, erms, ht, tsc, tscinvbit, tscinv

/proc/cpuinfo:
processor	: 0
vendor_id	: GenuineIntel
cpu family	: 6
model		: 58
model name	: Intel(R) Core(TM) i5-3230M CPU @ 2.60GHz
stepping	: 9
microcode	: 0x1b
cpu MHz		: 3052.664
cache size	: 3072 KB
physical id	: 0
siblings	: 4
core id		: 0
cpu cores	: 2
apicid		: 0
initial apicid	: 0
fpu		: yes
fpu_exception	: yes
cpuid level	: 13
wp		: yes
flags		: fpu vme de pse tsc msr pae mce cx8 apic sep mtrr pge mca cmov pat pse36 clflush dts acpi mmx fxsr sse sse2 ss ht tm pbe syscall nx rdtscp lm constant_tsc arch_perfmon pebs bts rep_good nopl xtopology nonstop_tsc aperfmperf eagerfpu pni pclmulqdq dtes64 monitor ds_cpl vmx est tm2 ssse3 cx16 xtpr pdcm pcid sse4_1 sse4_2 x2apic popcnt tsc_deadline_timer aes xsave avx f16c rdrand lahf_lm ida arat epb pln pts dtherm tpr_shadow vnmi flexpriority ept vpid fsgsbase smep erms xsaveopt
bugs		:
bogomips	: 5187.86
clflush size	: 64
cache_alignment	: 64
address sizes	: 36 bits physical, 48 bits virtual
power management:

processor	: 1
vendor_id	: GenuineIntel
cpu family	: 6
model		: 58
model name	: Intel(R) Core(TM) i5-3230M CPU @ 2.60GHz
stepping	: 9
microcode	: 0x1b
cpu MHz		: 3118.781
cache size	: 3072 KB
physical id	: 0
siblings	: 4
core id		: 0
cpu cores	: 2
apicid		: 1
initial apicid	: 1
fpu		: yes
fpu_exception	: yes
cpuid level	: 13
wp		: yes
flags		: fpu vme de pse tsc msr pae mce cx8 apic sep mtrr pge mca cmov pat pse36 clflush dts acpi mmx fxsr sse sse2 ss ht tm pbe syscall nx rdtscp lm constant_tsc arch_perfmon pebs bts rep_good nopl xtopology nonstop_tsc aperfmperf eagerfpu pni pclmulqdq dtes64 monitor ds_cpl vmx est tm2 ssse3 cx16 xtpr pdcm pcid sse4_1 sse4_2 x2apic popcnt tsc_deadline_timer aes xsave avx f16c rdrand lahf_lm ida arat epb pln pts dtherm tpr_shadow vnmi flexpriority ept vpid fsgsbase smep erms xsaveopt
bugs		:
bogomips	: 5187.86
clflush size	: 64
cache_alignment	: 64
address sizes	: 36 bits physical, 48 bits virtual
power management:

processor	: 2
vendor_id	: GenuineIntel
cpu family	: 6
model		: 58
model name	: Intel(R) Core(TM) i5-3230M CPU @ 2.60GHz
stepping	: 9
microcode	: 0x1b
cpu MHz		: 3151.179
cache size	: 3072 KB
physical id	: 0
siblings	: 4
core id		: 1
cpu cores	: 2
apicid		: 2
initial apicid	: 2
fpu		: yes
fpu_exception	: yes
cpuid level	: 13
wp		: yes
flags		: fpu vme de pse tsc msr pae mce cx8 apic sep mtrr pge mca cmov pat pse36 clflush dts acpi mmx fxsr sse sse2 ss ht tm pbe syscall nx rdtscp lm constant_tsc arch_perfmon pebs bts rep_good nopl xtopology nonstop_tsc aperfmperf eagerfpu pni pclmulqdq dtes64 monitor ds_cpl vmx est tm2 ssse3 cx16 xtpr pdcm pcid sse4_1 sse4_2 x2apic popcnt tsc_deadline_timer aes xsave avx f16c rdrand lahf_lm ida arat epb pln pts dtherm tpr_shadow vnmi flexpriority ept vpid fsgsbase smep erms xsaveopt
bugs		:
bogomips	: 5187.86
clflush size	: 64
cache_alignment	: 64
address sizes	: 36 bits physical, 48 bits virtual
power management:

processor	: 3
vendor_id	: GenuineIntel
cpu family	: 6
model		: 58
model name	: Intel(R) Core(TM) i5-3230M CPU @ 2.60GHz
stepping	: 9
microcode	: 0x1b
cpu MHz		: 3142.648
cache size	: 3072 KB
physical id	: 0
siblings	: 4
core id		: 1
cpu cores	: 2
apicid		: 3
initial apicid	: 3
fpu		: yes
fpu_exception	: yes
cpuid level	: 13
wp		: yes
flags		: fpu vme de pse tsc msr pae mce cx8 apic sep mtrr pge mca cmov pat pse36 clflush dts acpi mmx fxsr sse sse2 ss ht tm pbe syscall nx rdtscp lm constant_tsc arch_perfmon pebs bts rep_good nopl xtopology nonstop_tsc aperfmperf eagerfpu pni pclmulqdq dtes64 monitor ds_cpl vmx est tm2 ssse3 cx16 xtpr pdcm pcid sse4_1 sse4_2 x2apic popcnt tsc_deadline_timer aes xsave avx f16c rdrand lahf_lm ida arat epb pln pts dtherm tpr_shadow vnmi flexpriority ept vpid fsgsbase smep erms xsaveopt
bugs		:
bogomips	: 5187.86
clflush size	: 64
cache_alignment	: 64
address sizes	: 36 bits physical, 48 bits virtual
power management:



Memory: 4k page, physical 8041448k(5235704k free), swap 0k(0k free)

vm_info: OpenJDK 64-Bit Server VM (24.79-b02) for linux-amd64 JRE (1.7.0_79-b14), built on Jul 24 2015 05:24:39 by "buildd" with gcc 4.9.2

time: Fri Oct 16 10:53:57 2015
elapsed time: 8 seconds

