#
# A fatal error has been detected by the Java Runtime Environment:
#
#  SIGSEGV (0xb) at pc=0x00007f7e69d585f7, pid=3251, tid=140180717881088
#
# JRE version: OpenJDK Runtime Environment (7.0_79-b14) (build 1.7.0_79-b14)
# Java VM: OpenJDK 64-Bit Server VM (24.79-b02 mixed mode linux-amd64 compressed oops)
# Derivative: IcedTea 2.5.6
# Distribution: Ubuntu 15.04, package 7u79-2.5.6-0ubuntu1.15.04.1
# Problematic frame:
# V  [libjvm.so+0x5fe5f7]  java_lang_String::length(oopDesc*) [clone .part.50]+0x37
#
# Failed to write core dump. Core dumps have been disabled. To enable core dumping, try "ulimit -c unlimited" before starting Java again
#
# If you would like to submit a bug report, please include
# instructions on how to reproduce the bug and visit:
#   http://icedtea.classpath.org/bugzilla
#

---------------  T H R E A D  ---------------

Current thread (0x00007f7e640b6800):  JavaThread "JDWP Transport Listener: dt_socket" daemon [_thread_in_vm, id=3267, stack(0x00007f7e5dd4c000,0x00007f7e5de4d000)]

siginfo:si_signo=SIGSEGV: si_errno=0, si_code=1 (SEGV_MAPERR), si_addr=0x000000000000000c

Registers:
RAX=0x0000000000000000, RBX=0x0000000000000000, RCX=0x00007f7e6a9d4340, RDX=0x000000000000000c
RSP=0x00007f7e5de4ba60, RBP=0x00007f7e5de4ba60, RSI=0x00007f7e24005828, RDI=0x00000007d717e200
R8 =0x00007f7e5de4bab0, R9 =0x0000000000000000, R10=0x0000000000000000, R11=0x0000000000000206
R12=0x0000000000000001, R13=0x0000000000000000, R14=0x00000007d717e200, R15=0x0000000000000000
RIP=0x00007f7e69d585f7, EFLAGS=0x0000000000010246, CSGSFS=0x0000000000000033, ERR=0x0000000000000004
  TRAPNO=0x000000000000000e

Top of Stack: (sp=0x00007f7e5de4ba60)
0x00007f7e5de4ba60:   00007f7e5de4ba90 00007f7e69d59145
0x00007f7e5de4ba70:   00007f7e640b6800 00007f7e640b6800
0x00007f7e5de4ba80:   00007f7e24005828 00007f7e24005828
0x00007f7e5de4ba90:   00007f7e5de4bb10 00007f7e69d6ae5e
0x00007f7e5de4baa0:   00007f7e640b6800 00007f7e640b6800
0x00007f7e5de4bab0:   00007f7e640b6800 0000000000000000
0x00007f7e5de4bac0:   00007f7e5de4baf0 00007f7e640b69d8
0x00007f7e5de4bad0:   00007f7e688e3040 3620259dab5bbd00
0x00007f7e5de4bae0:   00007f7e5de4bb10 00007f7e640b69d8
0x00007f7e5de4baf0:   00007f7e688e3040 00007f7e24005828
0x00007f7e5de4bb00:   00007f7e5de4bbc0 00007f7e688e3040
0x00007f7e5de4bb10:   00007f7e5de4bb50 00007f7e686b0402
0x00007f7e5de4bb20:   00007f7e5de4bbc0 000000000000000a
0x00007f7e5de4bb30:   00007f7e5de4bb90 0000000000000001
0x00007f7e5de4bb40:   00007f7e5de4bbc0 00007f7e688e3040
0x00007f7e5de4bb50:   00007f7e5de4bd80 00007f7e686b8b08
0x00007f7e5de4bb60:   00007f7e640b7928 00007f7e00010a00
0x00007f7e5de4bb70:   0000019200000013 00007f7e5d010a00
0x00007f7e5de4bb80:   00007f7e1c000f80 00007f7e69f1fa56
0x00007f7e5de4bb90:   00007f7e1c000f88 000000000000000b
0x00007f7e5de4bba0:   0000019200000013 00007f7e5d010a00
0x00007f7e5de4bbb0:   00007f7e1c000f80 00007f7e24004090
0x00007f7e5de4bbc0:   00007f7e5de4bc10 00007f7e0000012c
0x00007f7e5de4bbd0:   00007f7e5de4bbd8 00007f7e00000000
0x00007f7e5de4bbe0:   00007f7e5de4bc10 0000000000000000
0x00007f7e5de4bbf0:   00007f0000000000 000001920000000f
0x00007f7e5de4bc00:   00007f7e00006880 00007f7e5de4bc10
0x00007f7e5de4bc10:   6e69616d31000000 0000000000000000
0x00007f7e5de4bc20:   7369687404000000 76616a4c12000000
0x00007f7e5de4bc30:   532f676e616c2f61 00003b676e697274
0x00007f7e5de4bc40:   0000110000000000 1000000000000000
0x00007f7e5de4bc50:   532f0f008d000000 56293b676e697274 

Instructions: (pc=0x00007f7e69d585f7)
0x00007f7e69d585d7:   8b 14 07 31 c0 85 d2 74 12 89 d0 48 8d 15 e7 80
0x00007f7e69d585e7:   80 00 8b 4a 08 48 d3 e0 48 03 02 ba 0c 00 00 00
0x00007f7e69d585f7:   8b 04 10 5d c3 0f 1f 40 00 48 8b 04 07 ba 10 00
0x00007f7e69d58607:   00 00 5d 8b 04 10 c3 66 90 55 48 89 e5 53 48 89 

Register to memory mapping:

RAX=0x0000000000000000 is an unknown value
RBX=0x0000000000000000 is an unknown value
RCX=0x00007f7e6a9d4340: <offset 0x219340> in /lib/x86_64-linux-gnu/libpthread.so.0 at 0x00007f7e6a7bb000
RDX=0x000000000000000c is an unknown value
RSP=0x00007f7e5de4ba60 is pointing into the stack for thread: 0x00007f7e640b6800
RBP=0x00007f7e5de4ba60 is pointing into the stack for thread: 0x00007f7e640b6800
RSI=0x00007f7e24005828 is a global jni handle
RDI=0x00000007d717e200 is an oop
java.lang.String 
 - klass: 'java/lang/String'
R8 =0x00007f7e5de4bab0 is pointing into the stack for thread: 0x00007f7e640b6800
R9 =0x0000000000000000 is an unknown value
R10=0x0000000000000000 is an unknown value
R11=0x0000000000000206 is an unknown value
R12=0x0000000000000001 is an unknown value
R13=0x0000000000000000 is an unknown value
R14=0x00000007d717e200 is an oop
java.lang.String 
 - klass: 'java/lang/String'
R15=0x0000000000000000 is an unknown value


Stack: [0x00007f7e5dd4c000,0x00007f7e5de4d000],  sp=0x00007f7e5de4ba60,  free space=1022k
Native frames: (J=compiled Java code, j=interpreted, Vv=VM code, C=native code)
V  [libjvm.so+0x5fe5f7]  java_lang_String::length(oopDesc*) [clone .part.50]+0x37
V  [libjvm.so+0x5ff145]  java_lang_String::utf8_length(oopDesc*)+0x95
V  [libjvm.so+0x610e5e]  jni_GetStringUTFChars+0x5e
C  [libjdwp.so+0x9402]
C  [libjdwp.so+0x11b08]
C  [libjdwp.so+0x23f65]
V  [libjvm.so+0x6ca271]  JvmtiAgentThread::start_function_wrapper(JavaThread*, Thread*)+0xa1
V  [libjvm.so+0x937d38]  JavaThread::thread_main_inner()+0x118
V  [libjvm.so+0x937fc1]  JavaThread::run()+0x231
V  [libjvm.so+0x7fa492]  java_start(Thread*)+0xf2


---------------  P R O C E S S  ---------------

Java Threads: ( => current thread )
  0x00007f7e640c2000 JavaThread "Service Thread" daemon [_thread_blocked, id=3277, stack(0x00007f7e5d847000,0x00007f7e5d948000)]
  0x00007f7e640bf800 JavaThread "C2 CompilerThread1" daemon [_thread_blocked, id=3276, stack(0x00007f7e5d948000,0x00007f7e5da49000)]
  0x00007f7e640bc800 JavaThread "C2 CompilerThread0" daemon [_thread_blocked, id=3275, stack(0x00007f7e5da49000,0x00007f7e5db4a000)]
  0x00007f7e24001000 JavaThread "JDWP Command Reader" daemon [_thread_in_native, id=3271, stack(0x00007f7e5db4a000,0x00007f7e5dc4b000)]
  0x00007f7e640ba000 JavaThread "JDWP Event Helper Thread" daemon [_thread_blocked, id=3269, stack(0x00007f7e5dc4b000,0x00007f7e5dd4c000)]
=>0x00007f7e640b6800 JavaThread "JDWP Transport Listener: dt_socket" daemon [_thread_in_vm, id=3267, stack(0x00007f7e5dd4c000,0x00007f7e5de4d000)]
  0x00007f7e640a9800 JavaThread "Signal Dispatcher" daemon [_thread_blocked, id=3265, stack(0x00007f7e5e052000,0x00007f7e5e153000)]
  0x00007f7e6407f800 JavaThread "Finalizer" daemon [_thread_blocked, id=3264, stack(0x00007f7e5e153000,0x00007f7e5e254000)]
  0x00007f7e6407d800 JavaThread "Reference Handler" daemon [_thread_blocked, id=3263, stack(0x00007f7e5e254000,0x00007f7e5e355000)]
  0x00007f7e6400d000 JavaThread "main" [_thread_blocked, id=3256, stack(0x00007f7e6b2af000,0x00007f7e6b3b0000)]

Other Threads:
  0x00007f7e64079000 VMThread [stack: 0x00007f7e5e355000,0x00007f7e5e456000] [id=3262]
  0x00007f7e640cd000 WatcherThread [stack: 0x00007f7e5d746000,0x00007f7e5d847000] [id=3278]

VM state:not at safepoint (normal execution)

VM Mutex/Monitor currently owned by a thread: None

Heap
 PSYoungGen      total 36864K, used 1904K [0x00000007d7100000, 0x00000007d9a00000, 0x0000000800000000)
  eden space 31744K, 6% used [0x00000007d7100000,0x00000007d72dc390,0x00000007d9000000)
  from space 5120K, 0% used [0x00000007d9500000,0x00000007d9500000,0x00000007d9a00000)
  to   space 5120K, 0% used [0x00000007d9000000,0x00000007d9000000,0x00000007d9500000)
 ParOldGen       total 83456K, used 0K [0x0000000785400000, 0x000000078a580000, 0x00000007d7100000)
  object space 83456K, 0% used [0x0000000785400000,0x0000000785400000,0x000000078a580000)
 PSPermGen       total 21504K, used 3468K [0x000000077ae00000, 0x000000077c300000, 0x0000000785400000)
  object space 21504K, 16% used [0x000000077ae00000,0x000000077b163000,0x000000077c300000)

Card table byte_map: [0x00007f7e60191000,0x00007f7e605bb000] byte_map_base: 0x00007f7e5c5ba000

Polling page: 0x00007f7e6b3d5000

Code Cache  [0x00007f7e605bb000, 0x00007f7e6082b000, 0x00007f7e635bb000)
 total_blobs=167 nmethods=0 adapters=144 free_code_cache=48771Kb largest_free_block=49941952

Compilation events (0 events):
No events

GC Heap History (0 events):
No events

Deoptimization events (0 events):
No events

Internal exceptions (10 events):
Event: 0,130 Thread 0x00007f7e6400d000 Threw 0x00000007d71454e8 at /build/openjdk-7-yI9zWD/openjdk-7-7u79-2.5.6/build/openjdk/hotspot/src/share/vm/prims/jni.cpp:721
Event: 0,130 Thread 0x00007f7e6400d000 Threw 0x00000007d7145668 at /build/openjdk-7-yI9zWD/openjdk-7-7u79-2.5.6/build/openjdk/hotspot/src/share/vm/prims/jvm.cpp:1284
Event: 0,130 Thread 0x00007f7e6400d000 Threw 0x00000007d7145790 at /build/openjdk-7-yI9zWD/openjdk-7-7u79-2.5.6/build/openjdk/hotspot/src/share/vm/prims/jvm.cpp:1284
Event: 0,132 Thread 0x00007f7e6400d000 Threw 0x00000007d714abe0 at /build/openjdk-7-yI9zWD/openjdk-7-7u79-2.5.6/build/openjdk/hotspot/src/share/vm/prims/jvm.cpp:1284
Event: 0,152 Thread 0x00007f7e6400d000 Threw 0x00000007d716b8a0 at /build/openjdk-7-yI9zWD/openjdk-7-7u79-2.5.6/build/openjdk/hotspot/src/share/vm/prims/jvm.cpp:1284
Event: 0,152 Thread 0x00007f7e6400d000 Threw 0x00000007d716b9c8 at /build/openjdk-7-yI9zWD/openjdk-7-7u79-2.5.6/build/openjdk/hotspot/src/share/vm/prims/jvm.cpp:1284
Event: 0,153 Thread 0x00007f7e6400d000 Threw 0x00000007d716df78 at /build/openjdk-7-yI9zWD/openjdk-7-7u79-2.5.6/build/openjdk/hotspot/src/share/vm/prims/jvm.cpp:1284
Event: 0,153 Thread 0x00007f7e6400d000 Threw 0x00000007d716e0a0 at /build/openjdk-7-yI9zWD/openjdk-7-7u79-2.5.6/build/openjdk/hotspot/src/share/vm/prims/jvm.cpp:1284
Event: 0,153 Thread 0x00007f7e6400d000 Threw 0x00000007d716e9a0 at /build/openjdk-7-yI9zWD/openjdk-7-7u79-2.5.6/build/openjdk/hotspot/src/share/vm/prims/jvm.cpp:1284
Event: 0,153 Thread 0x00007f7e6400d000 Threw 0x00000007d716eac8 at /build/openjdk-7-yI9zWD/openjdk-7-7u79-2.5.6/build/openjdk/hotspot/src/share/vm/prims/jvm.cpp:1284

Events (10 events):
Event: 6,096 Executing VM operation: EnterInterpOnlyMode
Event: 6,096 Executing VM operation: EnterInterpOnlyMode done
Event: 6,096 Executing VM operation: GetCurrentLocation
Event: 6,096 Executing VM operation: GetCurrentLocation done
Event: 6,096 Executing VM operation: ChangeSingleStep
Event: 6,096 Executing VM operation: ChangeSingleStep done
Event: 6,097 Executing VM operation: ChangeSingleStep
Event: 6,097 Executing VM operation: ChangeSingleStep done
Event: 6,128 Executing VM operation: GetOrSetLocal
Event: 6,128 Executing VM operation: GetOrSetLocal done


Dynamic libraries:
00400000-00401000 r-xp 00000000 08:06 3411512                            /usr/lib/jvm/java-7-openjdk-amd64/jre/bin/java
00600000-00601000 r--p 00000000 08:06 3411512                            /usr/lib/jvm/java-7-openjdk-amd64/jre/bin/java
00601000-00602000 rw-p 00001000 08:06 3411512                            /usr/lib/jvm/java-7-openjdk-amd64/jre/bin/java
02414000-02435000 rw-p 00000000 00:00 0                                  [heap]
77ae00000-77c300000 rw-p 00000000 00:00 0 
77c300000-785400000 rw-p 00000000 00:00 0 
785400000-78a580000 rw-p 00000000 00:00 0 
78a580000-7d7100000 rw-p 00000000 00:00 0 
7d7100000-7d9a00000 rw-p 00000000 00:00 0 
7d9a00000-800000000 rw-p 00000000 00:00 0 
7f7e0c000000-7f7e0c021000 rw-p 00000000 00:00 0 
7f7e0c021000-7f7e10000000 ---p 00000000 00:00 0 
7f7e14000000-7f7e14021000 rw-p 00000000 00:00 0 
7f7e14021000-7f7e18000000 ---p 00000000 00:00 0 
7f7e18000000-7f7e18021000 rw-p 00000000 00:00 0 
7f7e18021000-7f7e1c000000 ---p 00000000 00:00 0 
7f7e1c000000-7f7e1c021000 rw-p 00000000 00:00 0 
7f7e1c021000-7f7e20000000 ---p 00000000 00:00 0 
7f7e20000000-7f7e20021000 rw-p 00000000 00:00 0 
7f7e20021000-7f7e24000000 ---p 00000000 00:00 0 
7f7e24000000-7f7e24021000 rw-p 00000000 00:00 0 
7f7e24021000-7f7e28000000 ---p 00000000 00:00 0 
7f7e28000000-7f7e28021000 rw-p 00000000 00:00 0 
7f7e28021000-7f7e2c000000 ---p 00000000 00:00 0 
7f7e2c000000-7f7e2c021000 rw-p 00000000 00:00 0 
7f7e2c021000-7f7e30000000 ---p 00000000 00:00 0 
7f7e30000000-7f7e30021000 rw-p 00000000 00:00 0 
7f7e30021000-7f7e34000000 ---p 00000000 00:00 0 
7f7e34000000-7f7e34021000 rw-p 00000000 00:00 0 
7f7e34021000-7f7e38000000 ---p 00000000 00:00 0 
7f7e3bd70000-7f7e40000000 rw-p 00000000 00:00 0 
7f7e40000000-7f7e40021000 rw-p 00000000 00:00 0 
7f7e40021000-7f7e44000000 ---p 00000000 00:00 0 
7f7e44000000-7f7e44021000 rw-p 00000000 00:00 0 
7f7e44021000-7f7e48000000 ---p 00000000 00:00 0 
7f7e48000000-7f7e48021000 rw-p 00000000 00:00 0 
7f7e48021000-7f7e4c000000 ---p 00000000 00:00 0 
7f7e50000000-7f7e50021000 rw-p 00000000 00:00 0 
7f7e50021000-7f7e54000000 ---p 00000000 00:00 0 
7f7e58000000-7f7e58021000 rw-p 00000000 00:00 0 
7f7e58021000-7f7e5c000000 ---p 00000000 00:00 0 
7f7e5d50d000-7f7e5d746000 rw-p 00000000 00:00 0 
7f7e5d746000-7f7e5d747000 ---p 00000000 00:00 0 
7f7e5d747000-7f7e5d847000 rw-p 00000000 00:00 0                          [stack:3278]
7f7e5d847000-7f7e5d84a000 ---p 00000000 00:00 0 
7f7e5d84a000-7f7e5d948000 rw-p 00000000 00:00 0                          [stack:3277]
7f7e5d948000-7f7e5d94b000 ---p 00000000 00:00 0 
7f7e5d94b000-7f7e5da49000 rw-p 00000000 00:00 0                          [stack:3276]
7f7e5da49000-7f7e5da4c000 ---p 00000000 00:00 0 
7f7e5da4c000-7f7e5db4a000 rw-p 00000000 00:00 0                          [stack:3275]
7f7e5db4a000-7f7e5db4d000 ---p 00000000 00:00 0 
7f7e5db4d000-7f7e5dc4b000 rw-p 00000000 00:00 0                          [stack:3271]
7f7e5dc4b000-7f7e5dc4e000 ---p 00000000 00:00 0 
7f7e5dc4e000-7f7e5dd4c000 rw-p 00000000 00:00 0                          [stack:3269]
7f7e5dd4c000-7f7e5dd4f000 ---p 00000000 00:00 0 
7f7e5dd4f000-7f7e5de4d000 rw-p 00000000 00:00 0                          [stack:3267]
7f7e5de4d000-7f7e5de51000 r-xp 00000000 08:06 3279669                    /usr/lib/jvm/java-7-openjdk-amd64/jre/lib/amd64/libdt_socket.so
7f7e5de51000-7f7e5e050000 ---p 00004000 08:06 3279669                    /usr/lib/jvm/java-7-openjdk-amd64/jre/lib/amd64/libdt_socket.so
7f7e5e050000-7f7e5e051000 r--p 00003000 08:06 3279669                    /usr/lib/jvm/java-7-openjdk-amd64/jre/lib/amd64/libdt_socket.so
7f7e5e051000-7f7e5e052000 rw-p 00004000 08:06 3279669                    /usr/lib/jvm/java-7-openjdk-amd64/jre/lib/amd64/libdt_socket.so
7f7e5e052000-7f7e5e055000 ---p 00000000 00:00 0 
7f7e5e055000-7f7e5e153000 rw-p 00000000 00:00 0                          [stack:3265]
7f7e5e153000-7f7e5e156000 ---p 00000000 00:00 0 
7f7e5e156000-7f7e5e254000 rw-p 00000000 00:00 0                          [stack:3264]
7f7e5e254000-7f7e5e257000 ---p 00000000 00:00 0 
7f7e5e257000-7f7e5e355000 rw-p 00000000 00:00 0                          [stack:3263]
7f7e5e355000-7f7e5e356000 ---p 00000000 00:00 0 
7f7e5e356000-7f7e5f453000 rw-p 00000000 00:00 0                          [stack:3262]
7f7e5f453000-7f7e5f604000 r--s 01d29000 08:06 2753876                    /usr/lib/jvm/java-7-openjdk-amd64/jre/lib/rt.jar
7f7e5f604000-7f7e5fafe000 rw-p 00000000 00:00 0 
7f7e5fafe000-7f7e5faff000 ---p 00000000 00:00 0 
7f7e5faff000-7f7e5fbff000 rw-p 00000000 00:00 0                          [stack:3261]
7f7e5fbff000-7f7e5fc00000 ---p 00000000 00:00 0 
7f7e5fc00000-7f7e5fd00000 rw-p 00000000 00:00 0                          [stack:3260]
7f7e5fd00000-7f7e5fd01000 ---p 00000000 00:00 0 
7f7e5fd01000-7f7e5fe01000 rw-p 00000000 00:00 0                          [stack:3259]
7f7e5fe01000-7f7e5fe02000 ---p 00000000 00:00 0 
7f7e5fe02000-7f7e5ff2b000 rw-p 00000000 00:00 0                          [stack:3258]
7f7e5ff2b000-7f7e60191000 rw-p 00000000 00:00 0 
7f7e60191000-7f7e6019c000 rw-p 00000000 00:00 0 
7f7e6019c000-7f7e601e4000 rw-p 00000000 00:00 0 
7f7e601e4000-7f7e6020d000 rw-p 00000000 00:00 0 
7f7e6020d000-7f7e60472000 rw-p 00000000 00:00 0 
7f7e60472000-7f7e60487000 rw-p 00000000 00:00 0 
7f7e60487000-7f7e605ba000 rw-p 00000000 00:00 0 
7f7e605ba000-7f7e605bb000 rw-p 00000000 00:00 0 
7f7e605bb000-7f7e6082b000 rwxp 00000000 00:00 0 
7f7e6082b000-7f7e635bb000 rw-p 00000000 00:00 0 
7f7e635bb000-7f7e635c3000 r-xp 00000000 08:06 3279643                    /usr/lib/jvm/java-7-openjdk-amd64/jre/lib/amd64/libzip.so
7f7e635c3000-7f7e637c2000 ---p 00008000 08:06 3279643                    /usr/lib/jvm/java-7-openjdk-amd64/jre/lib/amd64/libzip.so
7f7e637c2000-7f7e637c3000 r--p 00007000 08:06 3279643                    /usr/lib/jvm/java-7-openjdk-amd64/jre/lib/amd64/libzip.so
7f7e637c3000-7f7e637c4000 rw-p 00008000 08:06 3279643                    /usr/lib/jvm/java-7-openjdk-amd64/jre/lib/amd64/libzip.so
7f7e637c4000-7f7e637d0000 r-xp 00000000 08:06 155186                     /lib/x86_64-linux-gnu/libnss_files-2.21.so
7f7e637d0000-7f7e639cf000 ---p 0000c000 08:06 155186                     /lib/x86_64-linux-gnu/libnss_files-2.21.so
7f7e639cf000-7f7e639d0000 r--p 0000b000 08:06 155186                     /lib/x86_64-linux-gnu/libnss_files-2.21.so
7f7e639d0000-7f7e639d1000 rw-p 0000c000 08:06 155186                     /lib/x86_64-linux-gnu/libnss_files-2.21.so
7f7e639d1000-7f7e639dc000 r-xp 00000000 08:06 131334                     /lib/x86_64-linux-gnu/libnss_nis-2.21.so
7f7e639dc000-7f7e63bdb000 ---p 0000b000 08:06 131334                     /lib/x86_64-linux-gnu/libnss_nis-2.21.so
7f7e63bdb000-7f7e63bdc000 r--p 0000a000 08:06 131334                     /lib/x86_64-linux-gnu/libnss_nis-2.21.so
7f7e63bdc000-7f7e63bdd000 rw-p 0000b000 08:06 131334                     /lib/x86_64-linux-gnu/libnss_nis-2.21.so
7f7e63bdd000-7f7e63bf4000 r-xp 00000000 08:06 155192                     /lib/x86_64-linux-gnu/libnsl-2.21.so
7f7e63bf4000-7f7e63df3000 ---p 00017000 08:06 155192                     /lib/x86_64-linux-gnu/libnsl-2.21.so
7f7e63df3000-7f7e63df4000 r--p 00016000 08:06 155192                     /lib/x86_64-linux-gnu/libnsl-2.21.so
7f7e63df4000-7f7e63df5000 rw-p 00017000 08:06 155192                     /lib/x86_64-linux-gnu/libnsl-2.21.so
7f7e63df5000-7f7e63df7000 rw-p 00000000 00:00 0 
7f7e63df7000-7f7e63dff000 r-xp 00000000 08:06 155188                     /lib/x86_64-linux-gnu/libnss_compat-2.21.so
7f7e63dff000-7f7e63ffe000 ---p 00008000 08:06 155188                     /lib/x86_64-linux-gnu/libnss_compat-2.21.so
7f7e63ffe000-7f7e63fff000 r--p 00007000 08:06 155188                     /lib/x86_64-linux-gnu/libnss_compat-2.21.so
7f7e63fff000-7f7e64000000 rw-p 00008000 08:06 155188                     /lib/x86_64-linux-gnu/libnss_compat-2.21.so
7f7e64000000-7f7e64144000 rw-p 00000000 00:00 0 
7f7e64144000-7f7e68000000 ---p 00000000 00:00 0 
7f7e68005000-7f7e68062000 rw-p 00000000 00:00 0 
7f7e68062000-7f7e680aa000 rw-p 00000000 00:00 0 
7f7e680aa000-7f7e684a3000 r--p 00000000 08:06 2490593                    /usr/lib/locale/locale-archive
7f7e684a3000-7f7e684a6000 r-xp 00000000 08:06 3279659                    /usr/lib/jvm/java-7-openjdk-amd64/jre/lib/amd64/libnpt.so
7f7e684a6000-7f7e686a5000 ---p 00003000 08:06 3279659                    /usr/lib/jvm/java-7-openjdk-amd64/jre/lib/amd64/libnpt.so
7f7e686a5000-7f7e686a6000 r--p 00002000 08:06 3279659                    /usr/lib/jvm/java-7-openjdk-amd64/jre/lib/amd64/libnpt.so
7f7e686a6000-7f7e686a7000 rw-p 00003000 08:06 3279659                    /usr/lib/jvm/java-7-openjdk-amd64/jre/lib/amd64/libnpt.so
7f7e686a7000-7f7e686e2000 r-xp 00000000 08:06 3279656                    /usr/lib/jvm/java-7-openjdk-amd64/jre/lib/amd64/libjdwp.so
7f7e686e2000-7f7e688e1000 ---p 0003b000 08:06 3279656                    /usr/lib/jvm/java-7-openjdk-amd64/jre/lib/amd64/libjdwp.so
7f7e688e1000-7f7e688e2000 r--p 0003a000 08:06 3279656                    /usr/lib/jvm/java-7-openjdk-amd64/jre/lib/amd64/libjdwp.so
7f7e688e2000-7f7e688e3000 rw-p 0003b000 08:06 3279656                    /usr/lib/jvm/java-7-openjdk-amd64/jre/lib/amd64/libjdwp.so
7f7e688e3000-7f7e688e4000 rw-p 00000000 00:00 0 
7f7e688e4000-7f7e68911000 r-xp 00000000 08:06 3279674                    /usr/lib/jvm/java-7-openjdk-amd64/jre/lib/amd64/libjava.so
7f7e68911000-7f7e68b10000 ---p 0002d000 08:06 3279674                    /usr/lib/jvm/java-7-openjdk-amd64/jre/lib/amd64/libjava.so
7f7e68b10000-7f7e68b11000 r--p 0002c000 08:06 3279674                    /usr/lib/jvm/java-7-openjdk-amd64/jre/lib/amd64/libjava.so
7f7e68b11000-7f7e68b13000 rw-p 0002d000 08:06 3279674                    /usr/lib/jvm/java-7-openjdk-amd64/jre/lib/amd64/libjava.so
7f7e68b13000-7f7e68b22000 r-xp 00000000 08:06 3279657                    /usr/lib/jvm/java-7-openjdk-amd64/jre/lib/amd64/libverify.so
7f7e68b22000-7f7e68d21000 ---p 0000f000 08:06 3279657                    /usr/lib/jvm/java-7-openjdk-amd64/jre/lib/amd64/libverify.so
7f7e68d21000-7f7e68d24000 r--p 0000e000 08:06 3279657                    /usr/lib/jvm/java-7-openjdk-amd64/jre/lib/amd64/libverify.so
7f7e68d24000-7f7e68d25000 rw-p 00011000 08:06 3279657                    /usr/lib/jvm/java-7-openjdk-amd64/jre/lib/amd64/libverify.so
7f7e68d25000-7f7e68d2c000 r-xp 00000000 08:06 155193                     /lib/x86_64-linux-gnu/librt-2.21.so
7f7e68d2c000-7f7e68f2b000 ---p 00007000 08:06 155193                     /lib/x86_64-linux-gnu/librt-2.21.so
7f7e68f2b000-7f7e68f2c000 r--p 00006000 08:06 155193                     /lib/x86_64-linux-gnu/librt-2.21.so
7f7e68f2c000-7f7e68f2d000 rw-p 00007000 08:06 155193                     /lib/x86_64-linux-gnu/librt-2.21.so
7f7e68f2d000-7f7e68f43000 r-xp 00000000 08:06 131160                     /lib/x86_64-linux-gnu/libgcc_s.so.1
7f7e68f43000-7f7e69142000 ---p 00016000 08:06 131160                     /lib/x86_64-linux-gnu/libgcc_s.so.1
7f7e69142000-7f7e69143000 rw-p 00015000 08:06 131160                     /lib/x86_64-linux-gnu/libgcc_s.so.1
7f7e69143000-7f7e6924a000 r-xp 00000000 08:06 155191                     /lib/x86_64-linux-gnu/libm-2.21.so
7f7e6924a000-7f7e69449000 ---p 00107000 08:06 155191                     /lib/x86_64-linux-gnu/libm-2.21.so
7f7e69449000-7f7e6944a000 r--p 00106000 08:06 155191                     /lib/x86_64-linux-gnu/libm-2.21.so
7f7e6944a000-7f7e6944b000 rw-p 00107000 08:06 155191                     /lib/x86_64-linux-gnu/libm-2.21.so
7f7e6944b000-7f7e6953b000 r-xp 00000000 08:06 2490786                    /usr/lib/x86_64-linux-gnu/libstdc++.so.6.0.20
7f7e6953b000-7f7e6973b000 ---p 000f0000 08:06 2490786                    /usr/lib/x86_64-linux-gnu/libstdc++.so.6.0.20
7f7e6973b000-7f7e69743000 r--p 000f0000 08:06 2490786                    /usr/lib/x86_64-linux-gnu/libstdc++.so.6.0.20
7f7e69743000-7f7e69745000 rw-p 000f8000 08:06 2490786                    /usr/lib/x86_64-linux-gnu/libstdc++.so.6.0.20
7f7e69745000-7f7e6975a000 rw-p 00000000 00:00 0 
7f7e6975a000-7f7e6a2b2000 r-xp 00000000 08:06 3408344                    /usr/lib/jvm/java-7-openjdk-amd64/jre/lib/amd64/server/libjvm.so
7f7e6a2b2000-7f7e6a4b1000 ---p 00b58000 08:06 3408344                    /usr/lib/jvm/java-7-openjdk-amd64/jre/lib/amd64/server/libjvm.so
7f7e6a4b1000-7f7e6a550000 r--p 00b57000 08:06 3408344                    /usr/lib/jvm/java-7-openjdk-amd64/jre/lib/amd64/server/libjvm.so
7f7e6a550000-7f7e6a573000 rw-p 00bf6000 08:06 3408344                    /usr/lib/jvm/java-7-openjdk-amd64/jre/lib/amd64/server/libjvm.so
7f7e6a573000-7f7e6a5a0000 rw-p 00000000 00:00 0 
7f7e6a5a0000-7f7e6a5b9000 r-xp 00000000 08:06 135167                     /lib/x86_64-linux-gnu/libz.so.1.2.8
7f7e6a5b9000-7f7e6a7b9000 ---p 00019000 08:06 135167                     /lib/x86_64-linux-gnu/libz.so.1.2.8
7f7e6a7b9000-7f7e6a7ba000 r--p 00019000 08:06 135167                     /lib/x86_64-linux-gnu/libz.so.1.2.8
7f7e6a7ba000-7f7e6a7bb000 rw-p 0001a000 08:06 135167                     /lib/x86_64-linux-gnu/libz.so.1.2.8
7f7e6a7bb000-7f7e6a7d3000 r-xp 00000000 08:06 155183                     /lib/x86_64-linux-gnu/libpthread-2.21.so
7f7e6a7d3000-7f7e6a9d3000 ---p 00018000 08:06 155183                     /lib/x86_64-linux-gnu/libpthread-2.21.so
7f7e6a9d3000-7f7e6a9d4000 r--p 00018000 08:06 155183                     /lib/x86_64-linux-gnu/libpthread-2.21.so
7f7e6a9d4000-7f7e6a9d5000 rw-p 00019000 08:06 155183                     /lib/x86_64-linux-gnu/libpthread-2.21.so
7f7e6a9d5000-7f7e6a9d9000 rw-p 00000000 00:00 0 
7f7e6a9d9000-7f7e6a9dc000 r-xp 00000000 08:06 155179                     /lib/x86_64-linux-gnu/libdl-2.21.so
7f7e6a9dc000-7f7e6abdb000 ---p 00003000 08:06 155179                     /lib/x86_64-linux-gnu/libdl-2.21.so
7f7e6abdb000-7f7e6abdc000 r--p 00002000 08:06 155179                     /lib/x86_64-linux-gnu/libdl-2.21.so
7f7e6abdc000-7f7e6abdd000 rw-p 00003000 08:06 155179                     /lib/x86_64-linux-gnu/libdl-2.21.so
7f7e6abdd000-7f7e6ad9d000 r-xp 00000000 08:06 155196                     /lib/x86_64-linux-gnu/libc-2.21.so
7f7e6ad9d000-7f7e6af9d000 ---p 001c0000 08:06 155196                     /lib/x86_64-linux-gnu/libc-2.21.so
7f7e6af9d000-7f7e6afa1000 r--p 001c0000 08:06 155196                     /lib/x86_64-linux-gnu/libc-2.21.so
7f7e6afa1000-7f7e6afa3000 rw-p 001c4000 08:06 155196                     /lib/x86_64-linux-gnu/libc-2.21.so
7f7e6afa3000-7f7e6afa7000 rw-p 00000000 00:00 0 
7f7e6afa7000-7f7e6afb4000 r-xp 00000000 08:06 3279645                    /usr/lib/jvm/java-7-openjdk-amd64/jre/lib/amd64/jli/libjli.so
7f7e6afb4000-7f7e6b1b3000 ---p 0000d000 08:06 3279645                    /usr/lib/jvm/java-7-openjdk-amd64/jre/lib/amd64/jli/libjli.so
7f7e6b1b3000-7f7e6b1b4000 r--p 0000c000 08:06 3279645                    /usr/lib/jvm/java-7-openjdk-amd64/jre/lib/amd64/jli/libjli.so
7f7e6b1b4000-7f7e6b1b5000 rw-p 0000d000 08:06 3279645                    /usr/lib/jvm/java-7-openjdk-amd64/jre/lib/amd64/jli/libjli.so
7f7e6b1b5000-7f7e6b1d9000 r-xp 00000000 08:06 155182                     /lib/x86_64-linux-gnu/ld-2.21.so
7f7e6b1ef000-7f7e6b1f9000 rw-p 00000000 00:00 0 
7f7e6b1f9000-7f7e6b2af000 rw-p 00000000 00:00 0 
7f7e6b2af000-7f7e6b2b2000 ---p 00000000 00:00 0 
7f7e6b2b2000-7f7e6b3b5000 rw-p 00000000 00:00 0                          [stack:3256]
7f7e6b3b6000-7f7e6b3b8000 rw-p 00000000 00:00 0 
7f7e6b3b8000-7f7e6b3bc000 r--s 00034000 08:06 2759100                    /usr/lib/jvm/java-7-openjdk-amd64/jre/lib/ext/sunjce_provider.jar
7f7e6b3bc000-7f7e6b3be000 r--s 00012000 08:06 2759103                    /usr/lib/jvm/java-7-openjdk-amd64/jre/lib/ext/zipfs.jar
7f7e6b3be000-7f7e6b3c1000 r--s 0000f000 08:06 2759102                    /usr/lib/jvm/java-7-openjdk-amd64/jre/lib/ext/icedtea-sound.jar
7f7e6b3c1000-7f7e6b3c2000 r--s 00002000 08:06 2759098                    /usr/lib/jvm/java-7-openjdk-amd64/jre/lib/ext/dnsns.jar
7f7e6b3c2000-7f7e6b3c6000 r--s 00085000 08:06 2759094                    /usr/lib/jvm/java-7-openjdk-amd64/jre/lib/ext/localedata.jar
7f7e6b3c6000-7f7e6b3c8000 r--s 00006000 08:06 2902092                    /usr/share/java/java-atk-wrapper.jar
7f7e6b3c8000-7f7e6b3cc000 r--s 0003c000 08:06 2759101                    /usr/lib/jvm/java-7-openjdk-amd64/jre/lib/ext/sunpkcs11.jar
7f7e6b3cc000-7f7e6b3d4000 rw-s 00000000 08:06 393305                     /tmp/hsperfdata_desi/3251
7f7e6b3d4000-7f7e6b3d5000 rw-p 00000000 00:00 0 
7f7e6b3d5000-7f7e6b3d6000 r--p 00000000 00:00 0 
7f7e6b3d6000-7f7e6b3d8000 rw-p 00000000 00:00 0 
7f7e6b3d8000-7f7e6b3d9000 r--p 00023000 08:06 155182                     /lib/x86_64-linux-gnu/ld-2.21.so
7f7e6b3d9000-7f7e6b3da000 rw-p 00024000 08:06 155182                     /lib/x86_64-linux-gnu/ld-2.21.so
7f7e6b3da000-7f7e6b3db000 rw-p 00000000 00:00 0 
7ffe884e9000-7ffe8850a000 rw-p 00000000 00:00 0                          [stack]
7ffe885e9000-7ffe885eb000 r--p 00000000 00:00 0                          [vvar]
7ffe885eb000-7ffe885ed000 r-xp 00000000 00:00 0                          [vdso]
ffffffffff600000-ffffffffff601000 r-xp 00000000 00:00 0                  [vsyscall]

VM Arguments:
jvm_args: -agentlib:jdwp=transport=dt_socket,suspend=y,address=localhost:57420 -Dfile.encoding=UTF-8 
java_command: HelloWorld
Launcher Type: SUN_STANDARD

Environment Variables:
PATH=/usr/local/sbin:/usr/local/bin:/usr/sbin:/usr/bin:/sbin:/bin:/usr/games:/usr/local/games
SHELL=/bin/bash
DISPLAY=:0

Signal Handlers:
SIGSEGV: [libjvm.so+0x98ac50], sa_mask[0]=0x7ffbfeff, sa_flags=0x10000004
SIGBUS: [libjvm.so+0x98ac50], sa_mask[0]=0x7ffbfeff, sa_flags=0x10000004
SIGFPE: [libjvm.so+0x7f8ab0], sa_mask[0]=0x7ffbfeff, sa_flags=0x10000004
SIGPIPE: [libjvm.so+0x7f8ab0], sa_mask[0]=0x7ffbfeff, sa_flags=0x10000004
SIGXFSZ: [libjvm.so+0x7f8ab0], sa_mask[0]=0x7ffbfeff, sa_flags=0x10000004
SIGILL: [libjvm.so+0x7f8ab0], sa_mask[0]=0x7ffbfeff, sa_flags=0x10000004
SIGUSR1: SIG_DFL, sa_mask[0]=0x00000000, sa_flags=0x00000000
SIGUSR2: [libjvm.so+0x7f8930], sa_mask[0]=0x00000004, sa_flags=0x10000004
SIGHUP: [libjvm.so+0x7f8b30], sa_mask[0]=0x7ffbfeff, sa_flags=0x10000004
SIGINT: [libjvm.so+0x7f8b30], sa_mask[0]=0x7ffbfeff, sa_flags=0x10000004
SIGTERM: [libjvm.so+0x7f8b30], sa_mask[0]=0x7ffbfeff, sa_flags=0x10000004
SIGQUIT: [libjvm.so+0x7f8b30], sa_mask[0]=0x7ffbfeff, sa_flags=0x10000004
SIGTRAP: SIG_DFL, sa_mask[0]=0x00000000, sa_flags=0x00000000


---------------  S Y S T E M  ---------------

OS:Ubuntu 15.04 (vivid)
uname:Linux 3.19.0-30-generic #34-Ubuntu SMP Fri Oct 2 22:08:41 UTC 2015 x86_64
libc:glibc 2.21 NPTL 2.21 
rlimit: STACK 8192k, CORE 0k, NPROC 31324, NOFILE 65536, AS infinity
load average:1,38 0,54 0,43

/proc/meminfo:
MemTotal:        8041448 kB
MemFree:         5185256 kB
MemAvailable:    6024212 kB
Buffers:          135028 kB
Cached:          1042468 kB
SwapCached:            0 kB
Active:          1932880 kB
Inactive:         678776 kB
Active(anon):    1436444 kB
Inactive(anon):   217500 kB
Active(file):     496436 kB
Inactive(file):   461276 kB
Unevictable:          32 kB
Mlocked:              32 kB
SwapTotal:             0 kB
SwapFree:              0 kB
Dirty:              6108 kB
Writeback:             0 kB
AnonPages:       1434100 kB
Mapped:           336100 kB
Shmem:            219748 kB
Slab:             136492 kB
SReclaimable:     100356 kB
SUnreclaim:        36136 kB
KernelStack:        8928 kB
PageTables:        32020 kB
NFS_Unstable:          0 kB
Bounce:                0 kB
WritebackTmp:          0 kB
CommitLimit:     4020724 kB
Committed_AS:    5034424 kB
VmallocTotal:   34359738367 kB
VmallocUsed:      370276 kB
VmallocChunk:   34359281344 kB
HardwareCorrupted:     0 kB
AnonHugePages:    831488 kB
CmaTotal:              0 kB
CmaFree:               0 kB
HugePages_Total:       0
HugePages_Free:        0
HugePages_Rsvd:        0
HugePages_Surp:        0
Hugepagesize:       2048 kB
DirectMap4k:      144632 kB
DirectMap2M:     8110080 kB


CPU:total 4 (2 cores per cpu, 2 threads per core) family 6 model 58 stepping 9, cmov, cx8, fxsr, mmx, sse, sse2, sse3, ssse3, sse4.1, sse4.2, popcnt, avx, aes, erms, ht, tsc, tscinvbit, tscinv

/proc/cpuinfo:
processor	: 0
vendor_id	: GenuineIntel
cpu family	: 6
model		: 58
model name	: Intel(R) Core(TM) i5-3230M CPU @ 2.60GHz
stepping	: 9
microcode	: 0x1b
cpu MHz		: 3045.046
cache size	: 3072 KB
physical id	: 0
siblings	: 4
core id		: 0
cpu cores	: 2
apicid		: 0
initial apicid	: 0
fpu		: yes
fpu_exception	: yes
cpuid level	: 13
wp		: yes
flags		: fpu vme de pse tsc msr pae mce cx8 apic sep mtrr pge mca cmov pat pse36 clflush dts acpi mmx fxsr sse sse2 ss ht tm pbe syscall nx rdtscp lm constant_tsc arch_perfmon pebs bts rep_good nopl xtopology nonstop_tsc aperfmperf eagerfpu pni pclmulqdq dtes64 monitor ds_cpl vmx est tm2 ssse3 cx16 xtpr pdcm pcid sse4_1 sse4_2 x2apic popcnt tsc_deadline_timer aes xsave avx f16c rdrand lahf_lm ida arat epb pln pts dtherm tpr_shadow vnmi flexpriority ept vpid fsgsbase smep erms xsaveopt
bugs		:
bogomips	: 5187.86
clflush size	: 64
cache_alignment	: 64
address sizes	: 36 bits physical, 48 bits virtual
power management:

processor	: 1
vendor_id	: GenuineIntel
cpu family	: 6
model		: 58
model name	: Intel(R) Core(TM) i5-3230M CPU @ 2.60GHz
stepping	: 9
microcode	: 0x1b
cpu MHz		: 2999.953
cache size	: 3072 KB
physical id	: 0
siblings	: 4
core id		: 0
cpu cores	: 2
apicid		: 1
initial apicid	: 1
fpu		: yes
fpu_exception	: yes
cpuid level	: 13
wp		: yes
flags		: fpu vme de pse tsc msr pae mce cx8 apic sep mtrr pge mca cmov pat pse36 clflush dts acpi mmx fxsr sse sse2 ss ht tm pbe syscall nx rdtscp lm constant_tsc arch_perfmon pebs bts rep_good nopl xtopology nonstop_tsc aperfmperf eagerfpu pni pclmulqdq dtes64 monitor ds_cpl vmx est tm2 ssse3 cx16 xtpr pdcm pcid sse4_1 sse4_2 x2apic popcnt tsc_deadline_timer aes xsave avx f16c rdrand lahf_lm ida arat epb pln pts dtherm tpr_shadow vnmi flexpriority ept vpid fsgsbase smep erms xsaveopt
bugs		:
bogomips	: 5187.86
clflush size	: 64
cache_alignment	: 64
address sizes	: 36 bits physical, 48 bits virtual
power management:

processor	: 2
vendor_id	: GenuineIntel
cpu family	: 6
model		: 58
model name	: Intel(R) Core(TM) i5-3230M CPU @ 2.60GHz
stepping	: 9
microcode	: 0x1b
cpu MHz		: 3007.875
cache size	: 3072 KB
physical id	: 0
siblings	: 4
core id		: 1
cpu cores	: 2
apicid		: 2
initial apicid	: 2
fpu		: yes
fpu_exception	: yes
cpuid level	: 13
wp		: yes
flags		: fpu vme de pse tsc msr pae mce cx8 apic sep mtrr pge mca cmov pat pse36 clflush dts acpi mmx fxsr sse sse2 ss ht tm pbe syscall nx rdtscp lm constant_tsc arch_perfmon pebs bts rep_good nopl xtopology nonstop_tsc aperfmperf eagerfpu pni pclmulqdq dtes64 monitor ds_cpl vmx est tm2 ssse3 cx16 xtpr pdcm pcid sse4_1 sse4_2 x2apic popcnt tsc_deadline_timer aes xsave avx f16c rdrand lahf_lm ida arat epb pln pts dtherm tpr_shadow vnmi flexpriority ept vpid fsgsbase smep erms xsaveopt
bugs		:
bogomips	: 5187.86
clflush size	: 64
cache_alignment	: 64
address sizes	: 36 bits physical, 48 bits virtual
power management:

processor	: 3
vendor_id	: GenuineIntel
cpu family	: 6
model		: 58
model name	: Intel(R) Core(TM) i5-3230M CPU @ 2.60GHz
stepping	: 9
microcode	: 0x1b
cpu MHz		: 3048.398
cache size	: 3072 KB
physical id	: 0
siblings	: 4
core id		: 1
cpu cores	: 2
apicid		: 3
initial apicid	: 3
fpu		: yes
fpu_exception	: yes
cpuid level	: 13
wp		: yes
flags		: fpu vme de pse tsc msr pae mce cx8 apic sep mtrr pge mca cmov pat pse36 clflush dts acpi mmx fxsr sse sse2 ss ht tm pbe syscall nx rdtscp lm constant_tsc arch_perfmon pebs bts rep_good nopl xtopology nonstop_tsc aperfmperf eagerfpu pni pclmulqdq dtes64 monitor ds_cpl vmx est tm2 ssse3 cx16 xtpr pdcm pcid sse4_1 sse4_2 x2apic popcnt tsc_deadline_timer aes xsave avx f16c rdrand lahf_lm ida arat epb pln pts dtherm tpr_shadow vnmi flexpriority ept vpid fsgsbase smep erms xsaveopt
bugs		:
bogomips	: 5187.86
clflush size	: 64
cache_alignment	: 64
address sizes	: 36 bits physical, 48 bits virtual
power management:



Memory: 4k page, physical 8041448k(5185256k free), swap 0k(0k free)

vm_info: OpenJDK 64-Bit Server VM (24.79-b02) for linux-amd64 JRE (1.7.0_79-b14), built on Jul 24 2015 05:24:39 by "buildd" with gcc 4.9.2

time: Fri Oct 16 10:54:13 2015
elapsed time: 6 seconds

